<?xml version="1.0" encoding="UTF-8"?>
<!-- Generated by org.testng.reporters.JUnitXMLReporter -->
<testsuite ignored="0" hostname="Mohamed-Abdelga" failures="1" tests="2" name="Surefire test" time="0.329" errors="0" timestamp="2025-10-13T08:50:47 EEST">
  <testcase classname="tests.SubmitOrderTest" name="submitOrder" time="0.0">
    <failure type="java.lang.RuntimeException" message="java.lang.IndexOutOfBoundsException: Index 1 out of bounds for length 1">
      <![CDATA[java.lang.RuntimeException: java.lang.IndexOutOfBoundsException: Index 1 out of bounds for length 1
at java.base/java.util.ArrayList.forEach(ArrayList.java:1596)
Caused by: java.lang.IndexOutOfBoundsException: Index 1 out of bounds for length 1
at java.base/jdk.internal.util.Preconditions.outOfBounds(Preconditions.java:100)
at java.base/jdk.internal.util.Preconditions.outOfBoundsCheckIndex(Preconditions.java:106)
at java.base/jdk.internal.util.Preconditions.checkIndex(Preconditions.java:302)
at java.base/java.util.Objects.checkIndex(Objects.java:385)
at java.base/java.util.ArrayList.get(ArrayList.java:427)
at tests.SubmitOrderTest.getData(SubmitOrderTest.java:63)
... 30 more
... Removed 35 stack frames]]>
    </failure>
  </testcase> <!-- submitOrder -->
  <testcase classname="tests.SubmitOrderTest" name="OrderHistoryTest" time="0.0">
    <skipped/>
  </testcase> <!-- OrderHistoryTest -->
</testsuite> <!-- Surefire test -->
